<?xml version="1.0" encoding="UTF-8"?>
<!-- Generated by org.testng.reporters.JUnitXMLReporter -->
<testsuite ignored="0" hostname="LAPTOP-1QB08UTG" failures="1" tests="2" name="Test" time="12.349" errors="0" timestamp="2024-06-26T21:29:02 IST">
  <testcase classname="com.ect.testcases.LoginTest" name="verify" time="5.839"/>
  <testcase classname="com.ect.testcases.LoginTest" name="verify" time="2.149">
    <failure type="java.lang.AssertionError" message="expected [true] but found [false]">
      <![CDATA[java.lang.AssertionError: expected [true] but found [false]
at com.ect.testcases.LoginTest.verify(LoginTest.java:31)
at java.base/java.util.ArrayList.forEach(ArrayList.java:1597)
... Removed 29 stack frames]]>
    </failure>
  </testcase> <!-- verify -->
</testsuite> <!-- Test -->
